[debug] [2025-07-27T16:53:05.150Z] ----------------------------------------------------------------------
[debug] [2025-07-27T16:53:05.152Z] Command:       C:\Program Files\nodejs\node.exe C:\Users\prasa\AppData\Roaming\npm\node_modules\firebase-tools\lib\bin\firebase.js deploy
[debug] [2025-07-27T16:53:05.152Z] CLI Version:   14.11.1
[debug] [2025-07-27T16:53:05.152Z] Platform:      win32
[debug] [2025-07-27T16:53:05.152Z] Node Version:  v20.18.0
[debug] [2025-07-27T16:53:05.152Z] Time:          Sun Jul 27 2025 22:23:05 GMT+0530 (India Standard Time)
[debug] [2025-07-27T16:53:05.153Z] ----------------------------------------------------------------------
[debug] 
[debug] [2025-07-27T16:53:05.284Z] > command requires scopes: ["email","openid","https://www.googleapis.com/auth/cloudplatformprojects.readonly","https://www.googleapis.com/auth/firebase","https://www.googleapis.com/auth/cloud-platform"]
[debug] [2025-07-27T16:53:05.284Z] > authorizing via signed-in user (anujharad999@gmail.com)
[debug] [2025-07-27T16:53:05.284Z] [iam] checking project vendor-supplier-platform-99365 for permissions ["firebase.projects.get","firebasehosting.sites.update"]
[debug] [2025-07-27T16:53:05.285Z] Checked if tokens are valid: true, expires at: 1753638585795
[debug] [2025-07-27T16:53:05.285Z] Checked if tokens are valid: true, expires at: 1753638585795
[debug] [2025-07-27T16:53:05.286Z] >>> [apiv2][query] POST https://cloudresourcemanager.googleapis.com/v1/projects/vendor-supplier-platform-99365:testIamPermissions [none]
[debug] [2025-07-27T16:53:05.286Z] >>> [apiv2][(partial)header] POST https://cloudresourcemanager.googleapis.com/v1/projects/vendor-supplier-platform-99365:testIamPermissions x-goog-quota-user=projects/vendor-supplier-platform-99365
[debug] [2025-07-27T16:53:05.286Z] >>> [apiv2][body] POST https://cloudresourcemanager.googleapis.com/v1/projects/vendor-supplier-platform-99365:testIamPermissions {"permissions":["firebase.projects.get","firebasehosting.sites.update"]}
[debug] [2025-07-27T16:53:06.803Z] <<< [apiv2][status] POST https://cloudresourcemanager.googleapis.com/v1/projects/vendor-supplier-platform-99365:testIamPermissions 200
[debug] [2025-07-27T16:53:06.803Z] <<< [apiv2][body] POST https://cloudresourcemanager.googleapis.com/v1/projects/vendor-supplier-platform-99365:testIamPermissions {}
[debug] [2025-07-27T16:53:06.803Z] [iam] error while checking permissions, command may fail: Authorization failed. This account is missing the following required permissions on project vendor-supplier-platform-99365:

  firebase.projects.get
  firebasehosting.sites.update
[debug] [2025-07-27T16:53:06.804Z] Checked if tokens are valid: true, expires at: 1753638585795
[debug] [2025-07-27T16:53:06.804Z] Checked if tokens are valid: true, expires at: 1753638585795
[debug] [2025-07-27T16:53:06.804Z] >>> [apiv2][query] GET https://firebase.googleapis.com/v1beta1/projects/vendor-supplier-platform-99365 [none]
[debug] [2025-07-27T16:53:07.198Z] <<< [apiv2][status] GET https://firebase.googleapis.com/v1beta1/projects/vendor-supplier-platform-99365 403
[debug] [2025-07-27T16:53:07.198Z] <<< [apiv2][body] GET https://firebase.googleapis.com/v1beta1/projects/vendor-supplier-platform-99365 {"error":{"code":403,"message":"The caller does not have permission","status":"PERMISSION_DENIED"}}
[debug] [2025-07-27T16:53:07.198Z] Request to https://firebase.googleapis.com/v1beta1/projects/vendor-supplier-platform-99365 had HTTP Error: 403, The caller does not have permission
[debug] [2025-07-27T16:53:07.286Z] FirebaseError: Request to https://firebase.googleapis.com/v1beta1/projects/vendor-supplier-platform-99365 had HTTP Error: 403, The caller does not have permission
    at responseToError (C:\Users\prasa\AppData\Roaming\npm\node_modules\firebase-tools\lib\responseToError.js:52:12)
    at RetryOperation._fn (C:\Users\prasa\AppData\Roaming\npm\node_modules\firebase-tools\lib\apiv2.js:312:77)
    at process.processTicksAndRejections (node:internal/process/task_queues:95:5)
[error] 
[error] Error: Failed to get Firebase project vendor-supplier-platform-99365. Please make sure the project exists and your account has permission to access it.
